<?xml version="1.0" encoding="UTF-8"?>
<testsuite name="com.project.spring.web.GalleryApiControllerTest" tests="1" skipped="0" failures="0" errors="0" timestamp="2020-09-21T00:21:52" hostname="DESKTOP-IOPIOR9" time="1.862">
  <properties/>
  <testcase name="gallerySave" classname="com.project.spring.web.GalleryApiControllerTest" time="1.862"/>
  <system-out><![CDATA[09:21:39.598 [Test worker] DEBUG org.springframework.test.context.junit4.SpringJUnit4ClassRunner - SpringJUnit4ClassRunner constructor called with [class com.project.spring.web.GalleryApiControllerTest]
09:21:39.612 [Test worker] DEBUG org.springframework.test.context.BootstrapUtils - Instantiating CacheAwareContextLoaderDelegate from class [org.springframework.test.context.cache.DefaultCacheAwareContextLoaderDelegate]
09:21:39.626 [Test worker] DEBUG org.springframework.test.context.BootstrapUtils - Instantiating BootstrapContext using constructor [public org.springframework.test.context.support.DefaultBootstrapContext(java.lang.Class,org.springframework.test.context.CacheAwareContextLoaderDelegate)]
09:21:39.657 [Test worker] DEBUG org.springframework.test.context.BootstrapUtils - Instantiating TestContextBootstrapper for test class [com.project.spring.web.GalleryApiControllerTest] from class [org.springframework.boot.test.context.SpringBootTestContextBootstrapper]
09:21:39.693 [Test worker] INFO org.springframework.boot.test.context.SpringBootTestContextBootstrapper - Neither @ContextConfiguration nor @ContextHierarchy found for test class [com.project.spring.web.GalleryApiControllerTest], using SpringBootContextLoader
09:21:39.700 [Test worker] DEBUG org.springframework.test.context.support.AbstractContextLoader - Did not detect default resource location for test class [com.project.spring.web.GalleryApiControllerTest]: class path resource [com/project/spring/web/GalleryApiControllerTest-context.xml] does not exist
09:21:39.701 [Test worker] DEBUG org.springframework.test.context.support.AbstractContextLoader - Did not detect default resource location for test class [com.project.spring.web.GalleryApiControllerTest]: class path resource [com/project/spring/web/GalleryApiControllerTestContext.groovy] does not exist
09:21:39.701 [Test worker] INFO org.springframework.test.context.support.AbstractContextLoader - Could not detect default resource locations for test class [com.project.spring.web.GalleryApiControllerTest]: no resource found for suffixes {-context.xml, Context.groovy}.
09:21:39.704 [Test worker] INFO org.springframework.test.context.support.AnnotationConfigContextLoaderUtils - Could not detect default configuration classes for test class [com.project.spring.web.GalleryApiControllerTest]: GalleryApiControllerTest does not declare any static, non-private, non-final, nested classes annotated with @Configuration.
09:21:39.823 [Test worker] DEBUG org.springframework.test.context.support.ActiveProfilesUtils - Could not find an 'annotation declaring class' for annotation type [org.springframework.test.context.ActiveProfiles] and class [com.project.spring.web.GalleryApiControllerTest]
09:21:40.058 [Test worker] DEBUG org.springframework.context.annotation.ClassPathScanningCandidateComponentProvider - Identified candidate component class: file [C:\spring-project\build\classes\java\main\com\project\spring\Application.class]
09:21:40.064 [Test worker] INFO org.springframework.boot.test.context.SpringBootTestContextBootstrapper - Found @SpringBootConfiguration com.project.spring.Application for test class com.project.spring.web.GalleryApiControllerTest
09:21:40.318 [Test worker] DEBUG org.springframework.boot.test.context.SpringBootTestContextBootstrapper - @TestExecutionListeners is not present for class [com.project.spring.web.GalleryApiControllerTest]: using defaults.
09:21:40.326 [Test worker] INFO org.springframework.boot.test.context.SpringBootTestContextBootstrapper - Loaded default TestExecutionListener class names from location [META-INF/spring.factories]: [org.springframework.boot.test.autoconfigure.restdocs.RestDocsTestExecutionListener, org.springframework.boot.test.autoconfigure.web.client.MockRestServiceServerResetTestExecutionListener, org.springframework.boot.test.autoconfigure.web.servlet.MockMvcPrintOnlyOnFailureTestExecutionListener, org.springframework.boot.test.autoconfigure.web.servlet.WebDriverTestExecutionListener, org.springframework.boot.test.mock.mockito.MockitoTestExecutionListener, org.springframework.boot.test.mock.mockito.ResetMocksTestExecutionListener, org.springframework.test.context.web.ServletTestExecutionListener, org.springframework.test.context.support.DirtiesContextBeforeModesTestExecutionListener, org.springframework.test.context.support.DependencyInjectionTestExecutionListener, org.springframework.test.context.support.DirtiesContextTestExecutionListener, org.springframework.test.context.transaction.TransactionalTestExecutionListener, org.springframework.test.context.jdbc.SqlScriptsTestExecutionListener]
09:21:40.379 [Test worker] INFO org.springframework.boot.test.context.SpringBootTestContextBootstrapper - Using TestExecutionListeners: [org.springframework.test.context.web.ServletTestExecutionListener@42465dba, org.springframework.test.context.support.DirtiesContextBeforeModesTestExecutionListener@623e8547, org.springframework.boot.test.mock.mockito.MockitoTestExecutionListener@3855af89, org.springframework.boot.test.autoconfigure.SpringBootDependencyInjectionTestExecutionListener@128c3e2c, org.springframework.test.context.support.DirtiesContextTestExecutionListener@62d70a4a, org.springframework.test.context.transaction.TransactionalTestExecutionListener@74d5afea, org.springframework.test.context.jdbc.SqlScriptsTestExecutionListener@61696f1e, org.springframework.boot.test.autoconfigure.restdocs.RestDocsTestExecutionListener@12e75041, org.springframework.boot.test.autoconfigure.web.client.MockRestServiceServerResetTestExecutionListener@48b88d0d, org.springframework.boot.test.autoconfigure.web.servlet.MockMvcPrintOnlyOnFailureTestExecutionListener@11cbc10f, org.springframework.boot.test.autoconfigure.web.servlet.WebDriverTestExecutionListener@3b704db7, org.springframework.boot.test.mock.mockito.ResetMocksTestExecutionListener@133d67c0]
09:21:40.392 [Test worker] DEBUG org.springframework.test.annotation.ProfileValueUtils - Retrieved @ProfileValueSourceConfiguration [null] for test class [com.project.spring.web.GalleryApiControllerTest]
09:21:40.394 [Test worker] DEBUG org.springframework.test.annotation.ProfileValueUtils - Retrieved ProfileValueSource type [class org.springframework.test.annotation.SystemProfileValueSource] for class [com.project.spring.web.GalleryApiControllerTest]
09:21:40.405 [Test worker] DEBUG org.springframework.test.annotation.ProfileValueUtils - Retrieved @ProfileValueSourceConfiguration [null] for test class [com.project.spring.web.GalleryApiControllerTest]
09:21:40.406 [Test worker] DEBUG org.springframework.test.annotation.ProfileValueUtils - Retrieved ProfileValueSource type [class org.springframework.test.annotation.SystemProfileValueSource] for class [com.project.spring.web.GalleryApiControllerTest]
09:21:40.409 [Test worker] DEBUG org.springframework.test.annotation.ProfileValueUtils - Retrieved @ProfileValueSourceConfiguration [null] for test class [com.project.spring.web.GalleryApiControllerTest]
09:21:40.411 [Test worker] DEBUG org.springframework.test.annotation.ProfileValueUtils - Retrieved ProfileValueSource type [class org.springframework.test.annotation.SystemProfileValueSource] for class [com.project.spring.web.GalleryApiControllerTest]
09:21:40.423 [Test worker] DEBUG org.springframework.test.context.support.AbstractDirtiesContextTestExecutionListener - Before test class: context [DefaultTestContext@4dc711f3 testClass = GalleryApiControllerTest, testInstance = [null], testMethod = [null], testException = [null], mergedContextConfiguration = [WebMergedContextConfiguration@f1d3a66 testClass = GalleryApiControllerTest, locations = '{}', classes = '{class com.project.spring.Application}', contextInitializerClasses = '[]', activeProfiles = '{}', propertySourceLocations = '{}', propertySourceProperties = '{org.springframework.boot.test.context.SpringBootTestContextBootstrapper=true, server.port=0}', contextCustomizers = set[org.springframework.boot.test.autoconfigure.properties.PropertyMappingContextCustomizer@0, org.springframework.boot.test.autoconfigure.web.servlet.WebDriverContextCustomizerFactory$Customizer@77071fe1, org.springframework.boot.test.context.filter.ExcludeFilterContextCustomizer@195bc23d, org.springframework.boot.test.json.DuplicateJsonObjectContextCustomizerFactory$DuplicateJsonObjectContextCustomizer@4f4200fa, org.springframework.boot.test.mock.mockito.MockitoContextCustomizer@0, org.springframework.boot.test.web.client.TestRestTemplateContextCustomizer@14370231], resourceBasePath = 'src/main/webapp', contextLoader = 'org.springframework.boot.test.context.SpringBootContextLoader', parent = [null]], attributes = map['org.springframework.test.context.web.ServletTestExecutionListener.activateListener' -> false]], class annotated with @DirtiesContext [false] with mode [null].
09:21:40.424 [Test worker] DEBUG org.springframework.test.annotation.ProfileValueUtils - Retrieved @ProfileValueSourceConfiguration [null] for test class [com.project.spring.web.GalleryApiControllerTest]
09:21:40.426 [Test worker] DEBUG org.springframework.test.annotation.ProfileValueUtils - Retrieved ProfileValueSource type [class org.springframework.test.annotation.SystemProfileValueSource] for class [com.project.spring.web.GalleryApiControllerTest]
09:21:40.438 [Test worker] DEBUG org.springframework.test.context.support.DependencyInjectionTestExecutionListener - Performing dependency injection for test context [[DefaultTestContext@4dc711f3 testClass = GalleryApiControllerTest, testInstance = com.project.spring.web.GalleryApiControllerTest@41c844d7, testMethod = [null], testException = [null], mergedContextConfiguration = [WebMergedContextConfiguration@f1d3a66 testClass = GalleryApiControllerTest, locations = '{}', classes = '{class com.project.spring.Application}', contextInitializerClasses = '[]', activeProfiles = '{}', propertySourceLocations = '{}', propertySourceProperties = '{org.springframework.boot.test.context.SpringBootTestContextBootstrapper=true, server.port=0}', contextCustomizers = set[org.springframework.boot.test.autoconfigure.properties.PropertyMappingContextCustomizer@0, org.springframework.boot.test.autoconfigure.web.servlet.WebDriverContextCustomizerFactory$Customizer@77071fe1, org.springframework.boot.test.context.filter.ExcludeFilterContextCustomizer@195bc23d, org.springframework.boot.test.json.DuplicateJsonObjectContextCustomizerFactory$DuplicateJsonObjectContextCustomizer@4f4200fa, org.springframework.boot.test.mock.mockito.MockitoContextCustomizer@0, org.springframework.boot.test.web.client.TestRestTemplateContextCustomizer@14370231], resourceBasePath = 'src/main/webapp', contextLoader = 'org.springframework.boot.test.context.SpringBootContextLoader', parent = [null]], attributes = map['org.springframework.test.context.web.ServletTestExecutionListener.activateListener' -> false]]].
09:21:40.496 [Test worker] DEBUG org.springframework.test.context.support.TestPropertySourceUtils - Adding inlined properties to environment: {spring.jmx.enabled=false, org.springframework.boot.test.context.SpringBootTestContextBootstrapper=true, server.port=0}

  .   ____          _            __ _ _
 /\\ / ___'_ __ _ _(_)_ __  __ _ \ \ \ \
( ( )\___ | '_ | '_| | '_ \/ _` | \ \ \ \
 \\/  ___)| |_)| | | | | || (_| |  ) ) ) )
  '  |____| .__|_| |_|_| |_\__, | / / / /
 =========|_|==============|___/=/_/_/_/
 :: Spring Boot ::        (v2.1.9.RELEASE)

2020-09-21 09:21:41.058  INFO 19504 --- [    Test worker] c.p.spring.web.GalleryApiControllerTest  : Starting GalleryApiControllerTest on DESKTOP-IOPIOR9 with PID 19504 (started by ednadev in C:\spring-project)
2020-09-21 09:21:41.060  INFO 19504 --- [    Test worker] c.p.spring.web.GalleryApiControllerTest  : No active profile set, falling back to default profiles: default
2020-09-21 09:21:42.686  INFO 19504 --- [    Test worker] .s.d.r.c.RepositoryConfigurationDelegate : Bootstrapping Spring Data repositories in DEFAULT mode.
2020-09-21 09:21:42.822  INFO 19504 --- [    Test worker] .s.d.r.c.RepositoryConfigurationDelegate : Finished Spring Data repository scanning in 124ms. Found 2 repository interfaces.
2020-09-21 09:21:43.394  INFO 19504 --- [    Test worker] trationDelegate$BeanPostProcessorChecker : Bean 'org.springframework.transaction.annotation.ProxyTransactionManagementConfiguration' of type [org.springframework.transaction.annotation.ProxyTransactionManagementConfiguration$$EnhancerBySpringCGLIB$$337a6528] is not eligible for getting processed by all BeanPostProcessors (for example: not eligible for auto-proxying)
2020-09-21 09:21:44.125  INFO 19504 --- [    Test worker] o.s.b.w.embedded.tomcat.TomcatWebServer  : Tomcat initialized with port(s): 0 (http)
2020-09-21 09:21:44.164  INFO 19504 --- [    Test worker] o.apache.catalina.core.StandardService   : Starting service [Tomcat]
2020-09-21 09:21:44.166  INFO 19504 --- [    Test worker] org.apache.catalina.core.StandardEngine  : Starting Servlet engine: [Apache Tomcat/9.0.26]
2020-09-21 09:21:44.436  INFO 19504 --- [    Test worker] o.a.c.c.C.[Tomcat].[localhost].[/]       : Initializing Spring embedded WebApplicationContext
2020-09-21 09:21:44.437  INFO 19504 --- [    Test worker] o.s.web.context.ContextLoader            : Root WebApplicationContext: initialization completed in 3342 ms
2020-09-21 09:21:44.869  INFO 19504 --- [    Test worker] com.zaxxer.hikari.HikariDataSource       : HikariPool-1 - Starting...
2020-09-21 09:21:45.144  INFO 19504 --- [    Test worker] com.zaxxer.hikari.HikariDataSource       : HikariPool-1 - Start completed.
2020-09-21 09:21:45.301  INFO 19504 --- [    Test worker] o.hibernate.jpa.internal.util.LogHelper  : HHH000204: Processing PersistenceUnitInfo [
	name: default
	...]
2020-09-21 09:21:45.442  INFO 19504 --- [    Test worker] org.hibernate.Version                    : HHH000412: Hibernate Core {5.3.12.Final}
2020-09-21 09:21:45.445  INFO 19504 --- [    Test worker] org.hibernate.cfg.Environment            : HHH000206: hibernate.properties not found
2020-09-21 09:21:45.872  INFO 19504 --- [    Test worker] o.hibernate.annotations.common.Version   : HCANN000001: Hibernate Commons Annotations {5.0.4.Final}
2020-09-21 09:21:46.568  INFO 19504 --- [    Test worker] org.hibernate.dialect.Dialect            : HHH000400: Using dialect: org.hibernate.dialect.MySQL5InnoDBDialect
Hibernate: drop table if exists gallery
Hibernate: drop table if exists posts
Hibernate: create table gallery (id bigint not null auto_increment, created_date datetime, modified_date datetime, image_name varchar(255), image_size varchar(255), user_name varchar(255), primary key (id)) engine=InnoDB
Hibernate: create table posts (id bigint not null auto_increment, created_date datetime, modified_date datetime, author varchar(255), content TEXT not null, title varchar(500) not null, primary key (id)) engine=InnoDB
2020-09-21 09:21:48.638  INFO 19504 --- [    Test worker] o.h.t.schema.internal.SchemaCreatorImpl  : HHH000476: Executing import script 'org.hibernate.tool.schema.internal.exec.ScriptSourceInputNonExistentImpl@64048561'
2020-09-21 09:21:48.649  INFO 19504 --- [    Test worker] j.LocalContainerEntityManagerFactoryBean : Initialized JPA EntityManagerFactory for persistence unit 'default'
2020-09-21 09:21:51.002  INFO 19504 --- [    Test worker] o.s.s.concurrent.ThreadPoolTaskExecutor  : Initializing ExecutorService 'applicationTaskExecutor'
2020-09-21 09:21:51.142  WARN 19504 --- [    Test worker] aWebConfiguration$JpaWebMvcConfiguration : spring.jpa.open-in-view is enabled by default. Therefore, database queries may be performed during view rendering. Explicitly configure spring.jpa.open-in-view to disable this warning
2020-09-21 09:21:52.561  INFO 19504 --- [    Test worker] o.s.b.w.embedded.tomcat.TomcatWebServer  : Tomcat started on port(s): 9601 (http) with context path ''
2020-09-21 09:21:52.594  INFO 19504 --- [    Test worker] c.p.spring.web.GalleryApiControllerTest  : Started GalleryApiControllerTest in 12.091 seconds (JVM running for 14.123)
2020-09-21 09:21:53.194  INFO 19504 --- [-auto-1-exec-10] o.a.c.c.C.[Tomcat].[localhost].[/]       : Initializing Spring DispatcherServlet 'dispatcherServlet'
2020-09-21 09:21:53.196  INFO 19504 --- [-auto-1-exec-10] o.s.web.servlet.DispatcherServlet        : Initializing Servlet 'dispatcherServlet'
2020-09-21 09:21:53.279  INFO 19504 --- [-auto-1-exec-10] o.s.web.servlet.DispatcherServlet        : Completed initialization in 82 ms
Hibernate: insert into gallery (created_date, modified_date, image_name, image_size, user_name) values (?, ?, ?, ?, ?)
2020-09-21 09:21:54.119  INFO 19504 --- [    Test worker] o.h.h.i.QueryTranslatorFactoryInitiator  : HHH000397: Using ASTQueryTranslatorFactory
Hibernate: select gallery0_.id as id1_0_, gallery0_.created_date as created_2_0_, gallery0_.modified_date as modified3_0_, gallery0_.image_name as image_na4_0_, gallery0_.image_size as image_si5_0_, gallery0_.user_name as user_nam6_0_ from gallery gallery0_
Hibernate: select gallery0_.id as id1_0_, gallery0_.created_date as created_2_0_, gallery0_.modified_date as modified3_0_, gallery0_.image_name as image_na4_0_, gallery0_.image_size as image_si5_0_, gallery0_.user_name as user_nam6_0_ from gallery gallery0_
Hibernate: delete from gallery where id=?
]]></system-out>
  <system-err><![CDATA[]]></system-err>
</testsuite>
